[2016-12-14T16:34:46.506+01:00] [soa_server1] [NOTIFICATION] [] [oracle.wsm.policy.model.impl.PolicySet] [tid: [ACTIVE].ExecuteThread: '0' for queue: 'weblogic.kernel.Default (self-tuning)'] [userId: <anonymous>] [ecid: 2f7c7fa8-9f78-40e5-b698-ac91bc65bc28-00000009,0] [APP: wsm-pm] [partition-name: DOMAIN] [tenant-name: GLOBAL] [[
==Loop on constraint= ConstraintGroup [terms=[], size=0, weight=0] with constraintData=ConstraintedData [status=FAILURE, localoptimization=ON, validationErrors=[ValidationError [m_errorCode=WSM-02557, m_errorMessage=WSM-02557, m_errorContext=oracle.wsm.policymanager.accessor.BeanAccessor, m_errorLevel=error, m_resourceBundle=policymanager, m_errorMsgArgs=[&(policysets:global:%)(@appliesTo~="WS-SERVICE()")]]], overrides=[], polRefs=[PolicyReference [policyURI=oracle/wss_saml_or_username_token_service_policy, polRefQName={http://schemas.xmlsoap.org/ws/2004/09/policy}PolicyReference, version=-1, attributes={{http://schemas.oracle.com/ws/2006/01/policy}status=enabled}, overrideProps=[OverrideProperty [name=reference.priority, value=2147483647], OverrideProperty [name=local.policy.reference.source, value=ANNOTATION]]], PolicyReference [policyURI=oracle/fast_infoset_service_policy, polRefQName={http://schemas.xmlsoap.org/ws/2004/09/policy}PolicyReference, version=-1, attributes={{http://schemas.oracle.com/ws/2006/01/policy}status=enabled}, overrideProps=[OverrideProperty [name=local.policy.reference.source, value=IMPLIED_FEATURE]]], PolicyReference [policyURI=oracle/max_request_size_policy, polRefQName={http://schemas.xmlsoap.org/ws/2004/09/policy}PolicyReference, version=-1, attributes={{http://schemas.oracle.com/ws/2006/01/policy}status=enabled}, overrideProps=[OverrideProperty [name=max.request.size, value=-1], OverrideProperty [name=local.policy.reference.source, value=IMPLIED_FEATURE]]], PolicyReference [policyURI=oracle/mex_request_processing_service_policy, polRefQName={http://schemas.xmlsoap.org/ws/2004/09/policy}PolicyReference, version=-1, attributes={{http://schemas.oracle.com/ws/2006/01/policy}status=enabled}, overrideProps=[OverrideProperty [name=local.policy.reference.source, value=IMPLIED_FEATURE]]], PolicyReference [policyURI=oracle/mtom_encode_fault_service_policy, polRefQName={http://schemas.xmlsoap.org/ws/2004/09/policy}PolicyReference, version=-1, attributes={{http://schemas.oracle.com/ws/2006/01/policy}status=enabled}, overrideProps=[OverrideProperty [name=local.policy.reference.source, value=IMPLIED_FEATURE]]], PolicyReference [policyURI=oracle/request_processing_service_policy, polRefQName={http://schemas.xmlsoap.org/ws/2004/09/policy}PolicyReference, version=-1, attributes={{http://schemas.oracle.com/ws/2006/01/policy}status=enabled}, overrideProps=[OverrideProperty [name=local.policy.reference.source, value=IMPLIED_FEATURE]]], PolicyReference [policyURI=oracle/soap_request_processing_service_policy, polRefQName={http://schemas.xmlsoap.org/ws/2004/09/policy}PolicyReference, version=-1, attributes={{http://schemas.oracle.com/ws/2006/01/policy}status=enabled}, overrideProps=[OverrideProperty [name=local.policy.reference.source, value=IMPLIED_FEATURE]]], PolicyReference [policyURI=oracle/test_page_processing_service_policy, polRefQName={http://schemas.xmlsoap.org/ws/2004/09/policy}PolicyReference, version=-1, attributes={{http://schemas.oracle.com/ws/2006/01/policy}status=enabled}, overrideProps=[OverrideProperty [name=local.policy.reference.source, value=IMPLIED_FEATURE]]], PolicyReference [policyURI=oracle/wsdl_request_processing_service_policy, polRefQName={http://schemas.xmlsoap.org/ws/2004/09/policy}PolicyReference, version=-1, attributes={{http://schemas.oracle.com/ws/2006/01/policy}status=enabled}, overrideProps=[OverrideProperty [name=local.policy.reference.source, value=IMPLIED_FEATURE]]], PolicyReference [policyURI=oracle/ws_logging_level_policy, polRefQName={http://schemas.xmlsoap.org/ws/2004/09/policy}PolicyReference, version=-1, attributes={{http://schemas.oracle.com/ws/2006/01/policy}status=enabled}, overrideProps=[OverrideProperty [name=logging.level, value=], OverrideProperty [name=local.policy.reference.source, value=IMPLIED_FEATURE]]]]]
  ==Loop, on polRef= PolicyReference [policyURI=oracle/wss_saml_or_username_token_service_policy, polRefQName={http://schemas.xmlsoap.org/ws/2004/09/policy}PolicyReference, version=-1, attributes={{http://schemas.oracle.com/ws/2006/01/policy}status=enabled}, overrideProps=[OverrideProperty [name=reference.priority, value=2147483647], OverrideProperty [name=local.policy.reference.source, value=ANNOTATION]]]
  ==Loop, on polRef= PolicyReference [policyURI=oracle/fast_infoset_service_policy, polRefQName={http://schemas.xmlsoap.org/ws/2004/09/policy}PolicyReference, version=-1, attributes={{http://schemas.oracle.com/ws/2006/01/policy}status=enabled}, overrideProps=[OverrideProperty [name=local.policy.reference.source, value=IMPLIED_FEATURE]]]
  ==Loop, on polRef= PolicyReference [policyURI=oracle/max_request_size_policy, polRefQName={http://schemas.xmlsoap.org/ws/2004/09/policy}PolicyReference, version=-1, attributes={{http://schemas.oracle.com/ws/2006/01/policy}status=enabled}, overrideProps=[OverrideProperty [name=max.request.size, value=-1], OverrideProperty [name=local.policy.reference.source, value=IMPLIED_FEATURE]]]
  ==Loop, on polRef= PolicyReference [policyURI=oracle/mex_request_processing_service_policy, polRefQName={http://schemas.xmlsoap.org/ws/2004/09/policy}PolicyReference, version=-1, attributes={{http://schemas.oracle.com/ws/2006/01/policy}status=enabled}, overrideProps=[OverrideProperty [name=local.policy.reference.source, value=IMPLIED_FEATURE]]]
  ==Loop, on polRef= PolicyReference [policyURI=oracle/mtom_encode_fault_service_policy, polRefQName={http://schemas.xmlsoap.org/ws/2004/09/policy}PolicyReference, version=-1, attributes={{http://schemas.oracle.com/ws/2006/01/policy}status=enabled}, overrideProps=[OverrideProperty [name=local.policy.reference.source, value=IMPLIED_FEATURE]]]
  ==Loop, on polRef= PolicyReference [policyURI=oracle/request_processing_service_policy, polRefQName={http://schemas.xmlsoap.org/ws/2004/09/policy}PolicyReference, version=-1, attributes={{http://schemas.oracle.com/ws/2006/01/policy}status=enabled}, overrideProps=[OverrideProperty [name=local.policy.reference.source, value=IMPLIED_FEATURE]]]
  ==Loop, on polRef= PolicyReference [policyURI=oracle/soap_request_processing_service_policy, polRefQName={http://schemas.xmlsoap.org/ws/2004/09/policy}PolicyReference, version=-1, attributes={{http://schemas.oracle.com/ws/2006/01/policy}status=enabled}, overrideProps=[OverrideProperty [name=local.policy.reference.source, value=IMPLIED_FEATURE]]]
  ==Loop, on polRef= PolicyReference [policyURI=oracle/test_page_processing_service_policy, polRefQName={http://schemas.xmlsoap.org/ws/2004/09/policy}PolicyReference, version=-1, attributes={{http://schemas.oracle.com/ws/2006/01/policy}status=enabled}, overrideProps=[OverrideProperty [name=local.policy.reference.source, value=IMPLIED_FEATURE]]]
  ==Loop, on polRef= PolicyReference [policyURI=oracle/wsdl_request_processing_service_policy, polRefQName={http://schemas.xmlsoap.org/ws/2004/09/policy}PolicyReference, version=-1, attributes={{http://schemas.oracle.com/ws/2006/01/policy}status=enabled}, overrideProps=[OverrideProperty [name=local.policy.reference.source, value=IMPLIED_FEATURE]]]
  ==Loop, on polRef= PolicyReference [policyURI=oracle/ws_logging_level_policy, polRefQName={http://schemas.xmlsoap.org/ws/2004/09/policy}PolicyReference, version=-1, attributes={{http://schemas.oracle.com/ws/2006/01/policy}status=enabled}, overrideProps=[OverrideProperty [name=logging.level, value=], OverrideProperty [name=local.policy.reference.source, value=IMPLIED_FEATURE]]]
]]
[2016-12-14T16:35:08.458+01:00] [soa_server1] [ERROR] [SDP-26010] [oracle.sdp.messaging.newdriver.DriverContainer] [tid: [ACTIVE].ExecuteThread: '0' for queue: 'weblogic.kernel.Default (self-tuning)'] [userId: <anonymous>] [ecid: 2f7c7fa8-9f78-40e5-b698-ac91bc65bc28-00000009,0] [APP: usermessagingdriver-email] [partition-name: DOMAIN] [tenant-name: GLOBAL] Fallo al iniciar el controlador: ConfigId [mType=email, mName=usermessagingdriver-email, mCluster=soa_cluster, mServer=null].[[
java.lang.IllegalArgumentException: The property 'IncomingMailIDs' is mandatory since the dependency 'Capability:RECEIVE||BOTH' is fulfilled. It must be set to a valid value.
	at oracle.ucsinternal.messaging.config.MessagingConfigManager.checkIfMandatory(MessagingConfigManager.java:253)
	at oracle.ucsinternal.messaging.config.MessagingConfigManager.validate(MessagingConfigManager.java:166)
	at oracle.ucsinternal.messaging.config.MessagingConfigManager.validate(MessagingConfigManager.java:138)
	at oracle.ucsinternal.messaging.config.MessagingConfig$DriverConfig.validate(MessagingConfig.java:656)
	at oracle.sdp.messaging.newdriver.DriverContainer.isValidDriverConfig(DriverContainer.java:284)
	at oracle.sdp.messaging.newdriver.DriverContainer.doDriverConfigAdded(DriverContainer.java:254)
	at oracle.sdp.messaging.newdriver.DriverContainer.start(DriverContainer.java:128)
	at weblogic.connector.security.layer.AdapterLayer.start(AdapterLayer.java:1038)
	at weblogic.connector.common.RAInstanceManager.createResourceAdapter(RAInstanceManager.java:1300)
	at weblogic.connector.common.RAInstanceManager.activate(RAInstanceManager.java:463)
	at weblogic.connector.deploy.ConnectorModule.activate(ConnectorModule.java:299)
	at weblogic.application.internal.ExtensibleModuleWrapper$ActivateStateChange.next(ExtensibleModuleWrapper.java:317)
	at weblogic.application.internal.ExtensibleModuleWrapper$ActivateStateChange.next(ExtensibleModuleWrapper.java:313)
	at weblogic.application.utils.StateMachineDriver.nextState(StateMachineDriver.java:45)
	at weblogic.application.internal.ExtensibleModuleWrapper.activate(ExtensibleModuleWrapper.java:121)
	at weblogic.application.internal.flow.ModuleListenerInvoker.activate(ModuleListenerInvoker.java:114)
	at weblogic.application.internal.flow.ModuleStateDriver$2.next(ModuleStateDriver.java:216)
	at weblogic.application.internal.flow.ModuleStateDriver$2.next(ModuleStateDriver.java:211)
	at weblogic.application.utils.StateMachineDriver.nextState(StateMachineDriver.java:45)
	at weblogic.application.internal.flow.ModuleStateDriver.activate(ModuleStateDriver.java:61)
	at weblogic.application.internal.flow.DeploymentCallbackFlow.activate(DeploymentCallbackFlow.java:115)
	at weblogic.application.internal.BaseDeployment$2.next(BaseDeployment.java:753)
	at weblogic.application.utils.StateMachineDriver.nextState(StateMachineDriver.java:45)
	at weblogic.application.internal.BaseDeployment.activate(BaseDeployment.java:263)
	at weblogic.application.internal.EarDeployment.activate(EarDeployment.java:67)
	at weblogic.application.internal.DeploymentStateChecker.activate(DeploymentStateChecker.java:165)
	at weblogic.deploy.internal.targetserver.AppContainerInvoker.activate(AppContainerInvoker.java:80)
	at weblogic.deploy.internal.targetserver.BasicDeployment.activate(BasicDeployment.java:265)
	at weblogic.deploy.internal.targetserver.BasicDeployment.activateFromServerLifecycle(BasicDeployment.java:481)
	at weblogic.management.deploy.internal.DeploymentAdapter$1.doActivate(DeploymentAdapter.java:53)
	at weblogic.management.deploy.internal.DeploymentAdapter.activate(DeploymentAdapter.java:202)
	at weblogic.management.deploy.internal.AppTransition$2.transitionApp(AppTransition.java:52)
	at weblogic.management.deploy.internal.ConfiguredDeployments$2.doItem(ConfiguredDeployments.java:592)
	at weblogic.management.deploy.internal.parallel.BucketInvoker.invoke(BucketInvoker.java:138)
	at weblogic.management.deploy.internal.ConfiguredDeployments.transitionAppsParallel(ConfiguredDeployments.java:600)
	at weblogic.management.deploy.internal.ConfiguredDeployments.activate(ConfiguredDeployments.java:259)
	at weblogic.management.deploy.internal.ConfiguredDeployments.deploy(ConfiguredDeployments.java:155)
	at weblogic.management.deploy.internal.DeploymentServerService.resume(DeploymentServerService.java:221)
	at weblogic.management.deploy.internal.DeploymentServerService.start(DeploymentServerService.java:130)
	at weblogic.server.AbstractServerService.postConstruct(AbstractServerService.java:76)
	at sun.reflect.GeneratedMethodAccessor40.invoke(Unknown Source)
	at sun.reflect.DelegatingMethodAccessorImpl.invoke(DelegatingMethodAccessorImpl.java:43)
	at java.lang.reflect.Method.invoke(Method.java:498)
	at org.glassfish.hk2.utilities.reflection.ReflectionHelper.invoke(ReflectionHelper.java:1262)
	at org.jvnet.hk2.internal.ClazzCreator.postConstructMe(ClazzCreator.java:332)
	at org.jvnet.hk2.internal.ClazzCreator.create(ClazzCreator.java:374)
	at org.jvnet.hk2.internal.SystemDescriptor.create(SystemDescriptor.java:471)
	at org.glassfish.hk2.runlevel.internal.AsyncRunLevelContext.findOrCreate(AsyncRunLevelContext.java:228)
	at org.glassfish.hk2.runlevel.RunLevelContext.findOrCreate(RunLevelContext.java:85)
	at org.jvnet.hk2.internal.Utilities.createService(Utilities.java:2072)
	at org.jvnet.hk2.internal.ServiceHandleImpl.getService(ServiceHandleImpl.java:114)
	at org.jvnet.hk2.internal.ServiceLocatorImpl.getService(ServiceLocatorImpl.java:698)
	at org.jvnet.hk2.internal.ThreeThirtyResolver.resolve(ThreeThirtyResolver.java:78)
	at org.jvnet.hk2.internal.ClazzCreator.resolve(ClazzCreator.java:211)
	at org.jvnet.hk2.internal.ClazzCreator.resolveAllDependencies(ClazzCreator.java:234)
	at org.jvnet.hk2.internal.ClazzCreator.create(ClazzCreator.java:357)
	at org.jvnet.hk2.internal.SystemDescriptor.create(SystemDescriptor.java:471)
	at org.glassfish.hk2.runlevel.internal.AsyncRunLevelContext.findOrCreate(AsyncRunLevelContext.java:228)
	at org.glassfish.hk2.runlevel.RunLevelContext.findOrCreate(RunLevelContext.java:85)
	at org.jvnet.hk2.internal.Utilities.createService(Utilities.java:2072)
	at org.jvnet.hk2.internal.ServiceHandleImpl.getService(ServiceHandleImpl.java:114)
	at org.jvnet.hk2.internal.ServiceLocatorImpl.getService(ServiceLocatorImpl.java:698)
	at org.jvnet.hk2.internal.ThreeThirtyResolver.resolve(ThreeThirtyResolver.java:78)
	at org.jvnet.hk2.internal.ClazzCreator.resolve(ClazzCreator.java:211)
	at org.jvnet.hk2.internal.ClazzCreator.resolveAllDependencies(ClazzCreator.java:234)
	at org.jvnet.hk2.internal.ClazzCreator.create(ClazzCreator.java:357)
	at org.jvnet.hk2.internal.SystemDescriptor.create(SystemDescriptor.java:471)
	at org.glassfish.hk2.runlevel.internal.AsyncRunLevelContext.findOrCreate(AsyncRunLevelContext.java:228)
	at org.glassfish.hk2.runlevel.RunLevelContext.findOrCreate(RunLevelContext.java:85)
	at org.jvnet.hk2.internal.Utilities.createService(Utilities.java:2072)
	at org.jvnet.hk2.internal.ServiceHandleImpl.getService(ServiceHandleImpl.java:114)
	at org.jvnet.hk2.internal.ServiceHandleImpl.getService(ServiceHandleImpl.java:88)
	at org.glassfish.hk2.runlevel.internal.CurrentTaskFuture$QueueRunner.oneJob(CurrentTaskFuture.java:1213)
	at org.glassfish.hk2.runlevel.internal.CurrentTaskFuture$QueueRunner.run(CurrentTaskFuture.java:1144)
	at weblogic.work.SelfTuningWorkManagerImpl$WorkAdapterImpl.run(SelfTuningWorkManagerImpl.java:643)
	at weblogic.invocation.ComponentInvocationContextManager._runAs(ComponentInvocationContextManager.java:348)
	at weblogic.invocation.ComponentInvocationContextManager.runAs(ComponentInvocationContextManager.java:333)
	at weblogic.work.LivePartitionUtility.doRunWorkUnderContext(LivePartitionUtility.java:54)
	at weblogic.work.PartitionUtility.runWorkUnderContext(PartitionUtility.java:41)
	at weblogic.work.SelfTuningWorkManagerImpl.runWorkUnderContext(SelfTuningWorkManagerImpl.java:617)
	at weblogic.work.ExecuteThread.execute(ExecuteThread.java:397)
	at weblogic.work.ExecuteThread.run(ExecuteThread.java:346)

]]
[2016-12-14T17:56:23.677+01:00] [soa_server1] [NOTIFICATION] [] [oracle.dms.event] [tid: [ACTIVE].ExecuteThread: '0' for queue: 'weblogic.kernel.Default (self-tuning)'] [userId: <WLS Kernel>] [ecid: 520bdd37-1c8f-479a-a9ba-5031fd961d9a-00000003,0] [partition-name: DOMAIN] [tenant-name: GLOBAL] DMS-58081: FlightRecorderDestination (ID=JFRDestination) no puede funcionar en este entorno porque, aunque la función de grabador en ejecución de JVM está presente, está inactiva. Plataforma: WebLogic, VM: {'name'='Java HotSpot(TM) 64-Bit Server VM', 'version'='25.77-b03', 'spec-version'='1.8'}.[[
Causa: JVM tiene una función de grabador en ejecución, pero la función de grabador en ejecución no está activa.
Acción: Revise la configuración del grabador en ejecución de JVM y, si desea que DMS aporte datos al grabador en ejecución, active la función de grabador en ejecución. En algunas JVM, esto se puede hacer mediante estas opciones de línea de comandos: -XX:+UnlockCommercialFeatures -XX:+FlightRecorder. Mientras tanto, se desactivará la ruta de evento que afecta a JFRDestination.
]]
[2016-12-14T17:56:24.614+01:00] [soa_server1] [NOTIFICATION] [] [oracle.ods.virtualization] [tid: [ACTIVE].ExecuteThread: '6' for queue: 'weblogic.kernel.Default (self-tuning)'] [userId: <WLS Kernel>] [ecid: 520bdd37-1c8f-479a-a9ba-5031fd961d9a-00000006,0] [partition-name: DOMAIN] [tenant-name: GLOBAL] Notification sent for Mapping config object reloaded
[2016-12-14T17:56:24.911+01:00] [soa_server1] [NOTIFICATION] [] [oracle.ods.virtualization] [tid: [ACTIVE].ExecuteThread: '6' for queue: 'weblogic.kernel.Default (self-tuning)'] [userId: <WLS Kernel>] [ecid: 520bdd37-1c8f-479a-a9ba-5031fd961d9a-00000006,0] [partition-name: DOMAIN] [tenant-name: GLOBAL] Notification sent for Mapping config object reloaded
[2016-12-14T17:56:26.395+01:00] [soa_server1] [NOTIFICATION] [] [oracle.dms.event] [tid: [ACTIVE].ExecuteThread: '6' for queue: 'weblogic.kernel.Default (self-tuning)'] [userId: <WLS Kernel>] [ecid: 520bdd37-1c8f-479a-a9ba-5031fd961d9a-00000006,0] [partition-name: DOMAIN] [tenant-name: GLOBAL] DMS-58081: FlightRecorderDestination (ID=JFRDestination) no puede funcionar en este entorno porque, aunque la función de grabador en ejecución de JVM está presente, está inactiva. Plataforma: WebLogic, VM: {'name'='Java HotSpot(TM) 64-Bit Server VM', 'version'='25.77-b03', 'spec-version'='1.8'}.[[
Causa: JVM tiene una función de grabador en ejecución, pero la función de grabador en ejecución no está activa.
Acción: Revise la configuración del grabador en ejecución de JVM y, si desea que DMS aporte datos al grabador en ejecución, active la función de grabador en ejecución. En algunas JVM, esto se puede hacer mediante estas opciones de línea de comandos: -XX:+UnlockCommercialFeatures -XX:+FlightRecorder. Mientras tanto, se desactivará la ruta de evento que afecta a JFRDestination.
]]
[2016-12-14T17:56:32.536+01:00] [soa_server1] [NOTIFICATION] [] [oracle.soa.scheduler] [tid: [ACTIVE].ExecuteThread: '6' for queue: 'weblogic.kernel.Default (self-tuning)'] [userId: <WLS Kernel>] [ecid: 520bdd37-1c8f-479a-a9ba-5031fd961d9a-00000006,0] [partition-name: DOMAIN] [tenant-name: GLOBAL] EssSoaJobScheduler_getEssConfiguration: Lookup property 'JNDIProviderURL' - null
[2016-12-14T17:56:32.536+01:00] [soa_server1] [NOTIFICATION] [] [oracle.soa.scheduler] [tid: [ACTIVE].ExecuteThread: '6' for queue: 'weblogic.kernel.Default (self-tuning)'] [userId: <WLS Kernel>] [ecid: 520bdd37-1c8f-479a-a9ba-5031fd961d9a-00000006,0] [partition-name: DOMAIN] [tenant-name: GLOBAL] EssSoaJobScheduler_initESSServiceEJB: No ESS install found...
[2016-12-14T17:56:32.536+01:00] [soa_server1] [NOTIFICATION] [] [oracle.soa.scheduler] [tid: [ACTIVE].ExecuteThread: '6' for queue: 'weblogic.kernel.Default (self-tuning)'] [userId: <WLS Kernel>] [ecid: 520bdd37-1c8f-479a-a9ba-5031fd961d9a-00000006,0] [partition-name: DOMAIN] [tenant-name: GLOBAL] EssSoaJobScheduler_init: Runtime and Metadata Service initialization failed...
[2016-12-14T17:56:44.896+01:00] [soa_server1] [NOTIFICATION] [] [oracle.mds.lcm] [tid: [ACTIVE].ExecuteThread: '0' for queue: 'weblogic.kernel.Default (self-tuning)'] [userId: <anonymous>] [ecid: 520bdd37-1c8f-479a-a9ba-5031fd961d9a-00000009,0] [APP: wsm-pm] [partition-name: DOMAIN] [tenant-name: GLOBAL] "Servicios de Metadatos: Archivo de metadatos (MAR) no encontrado."
[2016-12-14T17:56:44.927+01:00] [soa_server1] [NOTIFICATION] [] [oracle.mds.lcm] [tid: [ACTIVE].ExecuteThread: '0' for queue: 'weblogic.kernel.Default (self-tuning)'] [userId: <anonymous>] [ecid: 520bdd37-1c8f-479a-a9ba-5031fd961d9a-00000009,0] [APP: wsm-pm] [partition-name: DOMAIN] [tenant-name: GLOBAL] Total time taken for MAR deployment: 250 ms.
[2016-12-14T17:56:55.445+01:00] [soa_server1] [NOTIFICATION] [] [oracle.mds.lcm] [tid: [STANDBY].ExecuteThread: '64' for queue: 'weblogic.kernel.Default (self-tuning)'] [userId: <anonymous>] [ecid: 520bdd37-1c8f-479a-a9ba-5031fd961d9a-0000003a,0] [APP: TareaOfertaAutomatica_5.0] [partition-name: DOMAIN] [tenant-name: GLOBAL] META-INF/adf-config.xml not found. Skipping MDS setup
[2016-12-14T17:56:55.445+01:00] [soa_server1] [NOTIFICATION] [] [oracle.mds.lcm] [tid: [STANDBY].ExecuteThread: '64' for queue: 'weblogic.kernel.Default (self-tuning)'] [userId: <anonymous>] [ecid: 520bdd37-1c8f-479a-a9ba-5031fd961d9a-0000003a,0] [APP: TareaOfertaAutomatica_5.0] [partition-name: DOMAIN] [tenant-name: GLOBAL] Total time taken for MAR deployment: 0 ms.
[2016-12-14T17:56:55.602+01:00] [soa_server1] [NOTIFICATION] [] [oracle.security.jps.wls.util.JpsWlsUtil] [tid: [STANDBY].ExecuteThread: '64' for queue: 'weblogic.kernel.Default (self-tuning)'] [userId: <anonymous>] [ecid: 520bdd37-1c8f-479a-a9ba-5031fd961d9a-0000003a,0] [APP: TareaOfertaAutomatica_5.0] [partition-name: DOMAIN] [tenant-name: GLOBAL] JPS-00126
[2016-12-14T17:56:55.680+01:00] [soa_server1] [NOTIFICATION] [] [oracle.mds.lcm] [tid: [STANDBY].ExecuteThread: '16' for queue: 'weblogic.kernel.Default (self-tuning)'] [userId: <anonymous>] [ecid: 520bdd37-1c8f-479a-a9ba-5031fd961d9a-0000003b,0] [APP: TareaCreacionTarjetas_5.15.0] [partition-name: DOMAIN] [tenant-name: GLOBAL] META-INF/adf-config.xml not found. Skipping MDS setup
[2016-12-14T17:56:55.680+01:00] [soa_server1] [NOTIFICATION] [] [oracle.mds.lcm] [tid: [STANDBY].ExecuteThread: '16' for queue: 'weblogic.kernel.Default (self-tuning)'] [userId: <anonymous>] [ecid: 520bdd37-1c8f-479a-a9ba-5031fd961d9a-0000003b,0] [APP: TareaCreacionTarjetas_5.15.0] [partition-name: DOMAIN] [tenant-name: GLOBAL] Total time taken for MAR deployment: 0 ms.
[2016-12-14T17:56:55.852+01:00] [soa_server1] [NOTIFICATION] [] [oracle.security.jps.wls.util.JpsWlsUtil] [tid: [STANDBY].ExecuteThread: '16' for queue: 'weblogic.kernel.Default (self-tuning)'] [userId: <anonymous>] [ecid: 520bdd37-1c8f-479a-a9ba-5031fd961d9a-0000003b,0] [APP: TareaCreacionTarjetas_5.15.0] [partition-name: DOMAIN] [tenant-name: GLOBAL] JPS-00126
[2016-12-14T17:56:56.180+01:00] [soa_server1] [NOTIFICATION] [] [oracle.mds.lcm] [tid: [STANDBY].ExecuteThread: '39' for queue: 'weblogic.kernel.Default (self-tuning)'] [userId: <anonymous>] [ecid: 520bdd37-1c8f-479a-a9ba-5031fd961d9a-0000003e,0] [APP: TareaDesbloqueoTarjetas_5.0] [partition-name: DOMAIN] [tenant-name: GLOBAL] META-INF/adf-config.xml not found. Skipping MDS setup
[2016-12-14T17:56:56.180+01:00] [soa_server1] [NOTIFICATION] [] [oracle.mds.lcm] [tid: [STANDBY].ExecuteThread: '39' for queue: 'weblogic.kernel.Default (self-tuning)'] [userId: <anonymous>] [ecid: 520bdd37-1c8f-479a-a9ba-5031fd961d9a-0000003e,0] [APP: TareaDesbloqueoTarjetas_5.0] [partition-name: DOMAIN] [tenant-name: GLOBAL] Total time taken for MAR deployment: 63 ms.
[2016-12-14T17:56:56.274+01:00] [soa_server1] [NOTIFICATION] [] [oracle.security.jps.wls.util.JpsWlsUtil] [tid: [STANDBY].ExecuteThread: '39' for queue: 'weblogic.kernel.Default (self-tuning)'] [userId: <anonymous>] [ecid: 520bdd37-1c8f-479a-a9ba-5031fd961d9a-0000003e,0] [APP: TareaDesbloqueoTarjetas_5.0] [partition-name: DOMAIN] [tenant-name: GLOBAL] JPS-00126
[2017-02-01T07:30:31.528+01:00] [soa_server1] [NOTIFICATION] [] [oracle.mds] [tid: [ACTIVE].ExecuteThread: '7' for queue: 'weblogic.kernel.Default (self-tuning)'] [userId: OracleSystemUser] [ecid: 13c50431-8ac9-4d8f-91ef-c7179bc96d13-00000008,0] [APP: wsm-pm] [partition-name: DOMAIN] [tenant-name: GLOBAL] MDS-11022: La capa de personalización "adfshare" de la configuración de componente de MDS en jar:file:/E:/Oracle/Middleware12c/Oracle_Home/oracle_common/modules/oracle.adf.share/adf-share-support.jar!/META-INF/mds-config.xml se ha fusionado con las capas de personalización definidas en la configuración de persistencia del archivo adf-config.xml de la aplicación.
[2017-02-01T07:30:32.028+01:00] [soa_server1] [NOTIFICATION] [] [oracle.mds] [tid: [ACTIVE].ExecuteThread: '7' for queue: 'weblogic.kernel.Default (self-tuning)'] [userId: OracleSystemUser] [ecid: 13c50431-8ac9-4d8f-91ef-c7179bc96d13-00000008,0] [APP: wsm-pm] [partition-name: DOMAIN] [tenant-name: GLOBAL] MDS-11022: La capa de personalización "adfshare" de la configuración de componente de MDS en jar:file:/E:/Oracle/Middleware12c/Oracle_Home/oracle_common/modules/oracle.adf.share/adf-share-support.jar!/META-INF/mds-config.xml se ha fusionado con las capas de personalización definidas en la configuración de persistencia del archivo adf-config.xml de la aplicación.
[2017-02-01T07:30:32.278+01:00] [soa_server1] [NOTIFICATION] [] [oracle.mds] [tid: [ACTIVE].ExecuteThread: '7' for queue: 'weblogic.kernel.Default (self-tuning)'] [userId: OracleSystemUser] [ecid: 13c50431-8ac9-4d8f-91ef-c7179bc96d13-00000008,0] [APP: wsm-pm] [partition-name: DOMAIN] [tenant-name: GLOBAL] MDS-11022: La capa de personalización "adfshare" de la configuración de componente de MDS en jar:file:/E:/Oracle/Middleware12c/Oracle_Home/oracle_common/modules/oracle.adf.share/adf-share-support.jar!/META-INF/mds-config.xml se ha fusionado con las capas de personalización definidas en la configuración de persistencia del archivo adf-config.xml de la aplicación.
[2017-02-06T16:40:11.581+01:00] [soa_server1] [NOTIFICATION] [] [oracle.ods.virtualization] [tid: [STANDBY].ExecuteThread: '4' for queue: 'weblogic.kernel.Default (self-tuning)'] [userId: <WLS Kernel>] [ecid: 93b6dae9-73c2-420d-981b-99b872c7a6b5-00000006,0] [partition-name: DOMAIN] [tenant-name: GLOBAL] Notification sent for Mapping config object reloaded
[2017-02-06T16:40:11.691+01:00] [soa_server1] [NOTIFICATION] [] [oracle.ods.virtualization] [tid: [STANDBY].ExecuteThread: '4' for queue: 'weblogic.kernel.Default (self-tuning)'] [userId: <WLS Kernel>] [ecid: 93b6dae9-73c2-420d-981b-99b872c7a6b5-00000006,0] [partition-name: DOMAIN] [tenant-name: GLOBAL] Notification sent for Mapping config object reloaded
[2017-02-06T16:40:11.753+01:00] [soa_server1] [WARNING] [] [oracle.as.jmx.framework.generic.spi.BaseJMXFrameworkProviderImpl] [tid: [STANDBY].ExecuteThread: '4' for queue: 'weblogic.kernel.Default (self-tuning)'] [userId: <WLS Kernel>] [ecid: 93b6dae9-73c2-420d-981b-99b872c7a6b5-00000006,0] [partition-name: DOMAIN] [tenant-name: GLOBAL] No se puede cargar la configuración en el URI "E:\Oracle\domains\soa_domain\config\fmwconfig\mbeans\..\soa-ess-config.xml".
